mode: set
github.com/Pietroski/golang-VivaRealCrawler/domain/usecontrollers/file_manager/file_manager.go:29.53,33.2 2 1
github.com/Pietroski/golang-VivaRealCrawler/domain/usecontrollers/file_manager/file_manager.go:35.80,40.2 3 1
github.com/Pietroski/golang-VivaRealCrawler/domain/usecontrollers/file_manager/file_manager.go:42.70,50.2 5 1
github.com/Pietroski/golang-VivaRealCrawler/domain/usecontrollers/file_manager/file_manager.go:52.69,64.12 10 1
github.com/Pietroski/golang-VivaRealCrawler/domain/usecontrollers/file_manager/file_manager.go:70.2,73.14 3 1
github.com/Pietroski/golang-VivaRealCrawler/domain/usecontrollers/file_manager/file_manager.go:64.12,66.22 2 1
github.com/Pietroski/golang-VivaRealCrawler/domain/usecontrollers/file_manager/file_manager.go:66.22,68.4 1 1
github.com/Pietroski/golang-VivaRealCrawler/domain/usecontrollers/file_manager/file_manager.go:76.73,86.21 8 1
github.com/Pietroski/golang-VivaRealCrawler/domain/usecontrollers/file_manager/file_manager.go:90.2,90.18 1 1
github.com/Pietroski/golang-VivaRealCrawler/domain/usecontrollers/file_manager/file_manager.go:86.21,88.3 1 1
