mode: set
github.com/Pietroski/golang-VivaRealCrawler/domain/project_root/project_root.go:33.80,37.2 3 1
github.com/Pietroski/golang-VivaRealCrawler/domain/project_root/project_root.go:39.86,41.2 1 1
github.com/Pietroski/golang-VivaRealCrawler/domain/project_root/project_root.go:43.62,45.2 1 1
github.com/Pietroski/golang-VivaRealCrawler/domain/project_root/project_root.go:47.61,51.2 2 1
github.com/Pietroski/golang-VivaRealCrawler/domain/project_root/project_root.go:53.54,58.2 3 1
github.com/Pietroski/golang-VivaRealCrawler/domain/project_root/project_root.go:60.58,64.2 2 1
github.com/Pietroski/golang-VivaRealCrawler/domain/project_root/project_root.go:66.51,69.9 3 1
github.com/Pietroski/golang-VivaRealCrawler/domain/project_root/project_root.go:74.2,74.48 1 1
github.com/Pietroski/golang-VivaRealCrawler/domain/project_root/project_root.go:69.9,72.3 2 1
github.com/Pietroski/golang-VivaRealCrawler/domain/project_root/project_root.go:82.3,87.20 4 1
github.com/Pietroski/golang-VivaRealCrawler/domain/project_root/project_root.go:91.2,94.32 3 1
github.com/Pietroski/golang-VivaRealCrawler/domain/project_root/project_root.go:87.20,89.3 1 1
