mode: set
github.com/Pietroski/golang-VivaRealCrawler/domain/usecontrollers/client/client.go:32.47,34.69 1 1
github.com/Pietroski/golang-VivaRealCrawler/domain/usecontrollers/client/client.go:34.69,37.4 2 1
github.com/Pietroski/golang-VivaRealCrawler/domain/usecontrollers/client/client.go:41.91,45.2 3 1
github.com/Pietroski/golang-VivaRealCrawler/domain/usecontrollers/client/client.go:47.72,50.2 2 1
github.com/Pietroski/golang-VivaRealCrawler/domain/usecontrollers/client/client.go:52.48,54.2 1 1
github.com/Pietroski/golang-VivaRealCrawler/domain/usecontrollers/client/client.go:56.98,59.2 2 1
github.com/Pietroski/golang-VivaRealCrawler/domain/usecontrollers/client/client.go:61.55,66.2 3 1
